<?xml version="1.0" encoding="UTF-8"?>
<testng-results ignored="0" total="1" passed="1" failed="0" skipped="0">
  <reporter-output>
  </reporter-output>
  <suite started-at="2023-09-17T12:58:11 CEST" name="Surefire suite" finished-at="2023-09-17T12:58:11 CEST" duration-ms="70">
    <groups>
    </groups>
    <test started-at="2023-09-17T12:58:11 CEST" name="Surefire test" finished-at="2023-09-17T12:58:11 CEST" duration-ms="70">
      <class name="it.pkg.AppTest">
        <test-method signature="shouldAnswerWithTrue()" started-at="2023-09-17T12:58:11 CEST" name="shouldAnswerWithTrue" finished-at="2023-09-17T12:58:11 CEST" duration-ms="11" status="PASS">
          <reporter-output>
          </reporter-output>
        </test-method> <!-- shouldAnswerWithTrue -->
      </class> <!-- it.pkg.AppTest -->
    </test> <!-- Surefire test -->
  </suite> <!-- Surefire suite -->
</testng-results>
